<?xml version="1.0" encoding="UTF-8" ?>
<testsuite errors="0" failures="6" hostname="SteggerIT" name="tictactoe.bll.GameBoardTest" skipped="0" tests="9" time="0.047" timestamp="2016-10-02T19:52:15">
  <properties>
    <property name="netbeans.autoupdate.country" value="DK" />
    <property name="javafx.binarycss" value="false" />
    <property name="javac.test.classpath" value="C:\Program Files\Java\jdk1.8.0_05\jre/lib/javaws.jar:C:\Program Files\Java\jdk1.8.0_05\jre/lib/deploy.jar:C:\Program Files\Java\jdk1.8.0_05\jre/lib/plugin.jar:build/classes:C:/Users/stegg_000/Documents/NetBeansProjects/TicTacToe/lib/junit_4/junit-4.10.jar" />
    <property name="manifest.custom.codebase" value="*" />
    <property name="libs.junit.javadoc" value="C:/Users/stegg_000/Documents/NetBeansProjects/TicTacToe/lib/junit/junit-3.8.2-api.zip" />
    <property name="ant.core.lib" value="C:\Users\stegg_000\AppData\Roaming\NetBeans\8.0\ant\lib\ant.jar" />
    <property name="javadoc.windowtitle" value="" />
    <property name="javafx.preloader.enabled" value="false" />
    <property name="user.dir" value="C:\Users\stegg_000\Documents\NetBeansProjects\TicTacToe" />
    <property name="java.vm.version" value="25.5-b02" />
    <property name="libs.MySQLDriver.classpath" value="C:\Users\stegg_000\AppData\Roaming\NetBeans\8.0\modules\ext\mysql-connector-java-5.1.23-bin.jar" />
    <property name="libs.eclipselinkmodelgen.src" value="" />
    <property name="javadoc.notree" value="false" />
    <property name="netbeans.autoupdate.version" value="1.23" />
    <property name="javac.profile.cmd.line.arg" value="" />
    <property name="jdk.home" value="C:\Program Files\Java\jdk1.8.0_05" />
    <property name="libs.javac-api.src" value="" />
    <property name="javafx.enabled" value="true" />
    <property name="javadoc.noindex" value="false" />
    <property name="sun.os.patch.level" value="" />
    <property name="auxiliary.org-netbeans-modules-projectapi.issue214819_5f_fx_5f_enabled" value="true" />
    <property name="java.vm.specification.name" value="Java Virtual Machine Specification" />
    <property name="nb.show.statistics.ui" value="usageStatisticsEnabled" />
    <property name="netbeans.autoupdate.variant" value="" />
    <property name="have.tests" value="true" />
    <property name="org.xml.sax.driver" value="com.sun.org.apache.xerces.internal.jaxp.SAXParserImpl$JAXPSAXParser" />
    <property name="libs.javac-api.javadoc" value="" />
    <property name="os.name" value="Windows 8.1" />
    <property name="libs.beans-binding.classpath" value="C:\Users\stegg_000\AppData\Roaming\NetBeans\8.0\modules\ext\beansbinding-1.2.1.jar" />
    <property name="ap.proc.none.internal" value="" />
    <property name="libs.JWSAntTasks.maven-pom" value="" />
    <property name="libs.testng.src" value="" />
    <property name="javafx.preloader.project.path" value="" />
    <property name="java.vendor.url.bug" value="http://bugreport.sun.com/bugreport/" />
    <property name="javafx.preloader.type" value="none" />
    <property name="libs.jaxb.maven-pom" value="" />
    <property name="os.arch" value="amd64" />
    <property name="libs.eclipselink.src" value="" />
    <property name="user.name" value="stegg_000" />
    <property name="copylibs.rebase" value="true" />
    <property name="libs.swing-layout.maven-pom" value="" />
    <property name="sun.java.command" value="org.apache.tools.ant.taskdefs.optional.junit.JUnitTestRunner tictactoe.bll.GameBoardTest skipNonTests=false filtertrace=true haltOnError=false haltOnFailure=false showoutput=true outputtoformatters=true logfailedtests=true threadid=0 logtestlistenerevents=true formatter=org.apache.tools.ant.taskdefs.optional.junit.BriefJUnitResultFormatter formatter=org.apache.tools.ant.taskdefs.optional.junit.XMLJUnitResultFormatter,C:\Users\stegg_000\Documents\NetBeansProjects\TicTacToe\build\test\results\TEST-tictactoe.bll.GameBoardTest.xml crashfile=C:\Users\stegg_000\Documents\NetBeansProjects\TicTacToe\build\junitvmwatcher2837988971226833705.properties propsfile=C:\Users\stegg_000\Documents\NetBeansProjects\TicTacToe\build\junit6746996015356044917.properties" />
    <property name="build.classes.dir" value="build/classes" />
    <property name="netbeans.accept_license_class" value="org.netbeans.license.AcceptLicense" />
    <property name="build.sysclasspath" value="ignore" />
    <property name="ap.supported.internal" value="true" />
    <property name="libs.jaxws21.javadoc" value="C:\Users\stegg_000\AppData\Roaming\NetBeans\8.0\docs\jaxws-api-doc.zip" />
    <property name="javafx.run.width" value="800" />
    <property name="includes" value="**" />
    <property name="user.country" value="DK" />
    <property name="manifest.file" value="manifest.mf" />
    <property name="javadoc.encoding" value="UTF-8" />
    <property name="javac.classpath" value="C:\Program Files\Java\jdk1.8.0_05\jre/lib/javaws.jar:C:\Program Files\Java\jdk1.8.0_05\jre/lib/deploy.jar:C:\Program Files\Java\jdk1.8.0_05\jre/lib/plugin.jar" />
    <property name="libs.JAVADB_DRIVER_LABEL.src" value="" />
    <property name="debug-transport" value="dt_shmem" />
    <property name="netbeans.home" value="C:\Program Files\NetBeans 8.0\platform" />
    <property name="build.compiler.emacs" value="true" />
    <property name="ant.file.type.TicTacToe-impl" value="file" />
    <property name="javafx.deploy.includeDT" value="true" />
    <property name="java.endorsed.dirs" value="C:\Program Files\Java\jdk1.8.0_05\jre\lib\endorsed" />
    <property name="libs.groovy-all.src" value="" />
    <property name="netbeans.dynamic.classpath" value="C:\Users\stegg_000\AppData\Roaming\NetBeans\8.0\core\core.jar;C:\Users\stegg_000\AppData\Roaming\NetBeans\8.0\core\org-netbeans-upgrader.jar;C:\Users\stegg_000\AppData\Roaming\NetBeans\8.0\core\org-openide-filesystems.jar;C:\Users\stegg_000\AppData\Roaming\NetBeans\8.0\core\locale\core_ja.jar;C:\Users\stegg_000\AppData\Roaming\NetBeans\8.0\core\locale\core_nb.jar;C:\Users\stegg_000\AppData\Roaming\NetBeans\8.0\core\locale\core_nb_ja.jar;C:\Users\stegg_000\AppData\Roaming\NetBeans\8.0\core\locale\core_nb_pt_BR.jar;C:\Users\stegg_000\AppData\Roaming\NetBeans\8.0\core\locale\core_nb_ru.jar;C:\Users\stegg_000\AppData\Roaming\NetBeans\8.0\core\locale\core_nb_zh_CN.jar;C:\Users\stegg_000\AppData\Roaming\NetBeans\8.0\core\locale\core_pt_BR.jar;C:\Users\stegg_000\AppData\Roaming\NetBeans\8.0\core\locale\core_ru.jar;C:\Users\stegg_000\AppData\Roaming\NetBeans\8.0\core\locale\core_zh_CN.jar;C:\Users\stegg_000\AppData\Roaming\NetBeans\8.0\core\locale\org-netbeans-upgrader_ja.jar;C:\Users\stegg_000\AppData\Roaming\NetBeans\8.0\core\locale\org-netbeans-upgrader_pt_BR.jar;C:\Users\stegg_000\AppData\Roaming\NetBeans\8.0\core\locale\org-netbeans-upgrader_ru.jar;C:\Users\stegg_000\AppData\Roaming\NetBeans\8.0\core\locale\org-netbeans-upgrader_zh_CN.jar;C:\Users\stegg_000\AppData\Roaming\NetBeans\8.0\core\locale\org-openide-filesystems_ja.jar;C:\Users\stegg_000\AppData\Roaming\NetBeans\8.0\core\locale\org-openide-filesystems_pt_BR.jar;C:\Users\stegg_000\AppData\Roaming\NetBeans\8.0\core\locale\org-openide-filesystems_ru.jar;C:\Users\stegg_000\AppData\Roaming\NetBeans\8.0\core\locale\org-openide-filesystems_zh_CN.jar" />
    <property name="jnlp.enabled" value="false" />
    <property name="java.vm.specification.version" value="1.8" />
    <property name="libs.groovy-all.maven-pom" value="" />
    <property name="netbeans.productversion" value="NetBeans IDE 8.0.2 (Build 201411181905)" />
    <property name="javafx.preloader.class" value="" />
    <property name="libs.jaxws21.src" value="" />
    <property name="application.title" value="TicTacToe" />
    <property name="netbeans.autoupdate.language" value="da" />
    <property name="java.vendor" value="Oracle Corporation" />
    <property name="jar.index.metainf" value="false" />
    <property name="javac.debug" value="true" />
    <property name="javadoc.splitindex" value="true" />
    <property name="file.separator" value="\" />
    <property name="libs.junit_4.maven-pom" value="" />
    <property name="javac.test.processorpath" value="C:\Program Files\Java\jdk1.8.0_05\jre/lib/javaws.jar:C:\Program Files\Java\jdk1.8.0_05\jre/lib/deploy.jar:C:\Program Files\Java\jdk1.8.0_05\jre/lib/plugin.jar:build/classes:C:/Users/stegg_000/Documents/NetBeansProjects/TicTacToe/lib/junit_4/junit-4.10.jar" />
    <property name="netbeans.buildnumber" value="201411181905" />
    <property name="libs.JWSAntTasks.javadoc" value="" />
    <property name="build.generated.sources.dir" value="build/generated-sources" />
    <property name="user.variant" value="" />
    <property name="libs.eclipselinkmodelgen.classpath" value="C:\Users\stegg_000\AppData\Roaming\NetBeans\8.0\modules\ext\eclipselink\org.eclipse.persistence.jpa.modelgen_2.5.2.v20140319-9ad6abd.jar" />
    <property name="sun.java.launcher" value="SUN_STANDARD" />
    <property name="libs.junit.classpath" value="C:/Users/stegg_000/Documents/NetBeansProjects/TicTacToe/lib/junit/junit-3.8.2.jar" />
    <property name="libs.jaxb.javadoc" value="C:\Users\stegg_000\AppData\Roaming\NetBeans\8.0\docs\jaxb-api-doc.zip" />
    <property name="ant.home" value="C:\Users\stegg_000\AppData\Roaming\NetBeans\8.0\ant" />
    <property name="libs.junit_4.src" value="C:/Users/stegg_000/Documents/NetBeansProjects/TicTacToe/lib/junit_4/junit-4.10-sources.jar" />
    <property name="javafx.run.height" value="600" />
    <property name="libs.testng.classpath" value="C:\Users\stegg_000\AppData\Roaming\NetBeans\8.0\modules\ext\testng-6.8.1-dist.jar" />
    <property name="libs.absolutelayout.maven-pom" value="" />
    <property name="ant.java.version" value="1.8" />
    <property name="java.library.path" value="C:\Program Files\Java\jdk1.8.0_05\jre\bin;C:\WINDOWS\Sun\Java\bin;C:\WINDOWS\system32;C:\WINDOWS;C:\ProgramData\Oracle\Java\javapath;C:\Program Files (x86)\Intel\iCLS Client\;C:\Program Files\Intel\iCLS Client\;C:\Windows\system32;C:\Windows;C:\Windows\System32\Wbem;C:\Windows\System32\WindowsPowerShell\v1.0\;C:\Program Files\Intel\Intel(R) Management Engine Components\DAL;C:\Program Files\Intel\Intel(R) Management Engine Components\IPT;C:\Program Files (x86)\Intel\Intel(R) Management Engine Components\DAL;C:\Program Files (x86)\Intel\Intel(R) Management Engine Components\IPT;C:\Program Files\AuthenTec TrueSuite\x86\;C:\MyPrograms\opencv249\opencv\build\java\x64;C:\Program Files (x86)\Microsoft SQL Server\120\Tools\Binn\Manageme;C:\WINDOWS\system32;C:\WINDOWS;C:\WINDOWS\System32\Wbem;C:\WINDOWS\System32\WindowsPowerShell\v1.0\;C:\Program Files (x86)\GtkSharp\2.12\bin;C:\Program Files (x86)\NVIDIA Corporation\PhysX\Common;C:\Program Files (x86)\Skype\Phone\;C:\WINDOWS\system32;C:\WINDOWS;C:\WINDOWS\System32\Wbem;C:\WINDOWS\System32\WindowsPowerShell\v1.0\;C:\Ruby22-x64\bin;C:\Users\stegg_000\AppData\Roaming\npm;C:\Program Files (x86)\Microsoft VS Code\bin;C:\Users\stegg_000\AppData\Local\Microsoft\WindowsApps;;." />
    <property name="javadoc.author" value="false" />
    <property name="java.util.logging.config.class" value="org.netbeans.core.startup.TopLogging" />
    <property name="libs.PostgreSQLDriver.src" value="" />
    <property name="sun.arch.data.model" value="64" />
    <property name="basedir" value="C:\Users\stegg_000\Documents\NetBeansProjects\TicTacToe" />
    <property name="libs.jpa20-persistence.maven-pom" value="" />
    <property name="jar.compress" value="false" />
    <property name="path.separator" value=";" />
    <property name="ant.junit.enabletestlistenerevents" value="true" />
    <property name="libs.junit_4.prop-maven-dependencies" value="junit:junit:4.10:jar" />
    <property name="sun.io.unicode.encoding" value="UnicodeLittle" />
    <property name="libs.jaxws21.classpath" value="C:\Users\stegg_000\AppData\Roaming\NetBeans\8.0\modules\ext\jaxb\jaxb-impl.jar;C:\Users\stegg_000\AppData\Roaming\NetBeans\8.0\modules\ext\jaxb\jaxb-xjc.jar;C:\Users\stegg_000\AppData\Roaming\NetBeans\8.0\modules\ext\jaxws22\FastInfoset.jar;C:\Users\stegg_000\AppData\Roaming\NetBeans\8.0\modules\ext\jaxws22\gmbal-api-only.jar;C:\Users\stegg_000\AppData\Roaming\NetBeans\8.0\modules\ext\jaxws22\ha-api.jar;C:\Users\stegg_000\AppData\Roaming\NetBeans\8.0\modules\ext\jaxws22\javax.mail_1.4.jar;C:\Users\stegg_000\AppData\Roaming\NetBeans\8.0\modules\ext\jaxws22\jaxws-rt.jar;C:\Users\stegg_000\AppData\Roaming\NetBeans\8.0\modules\ext\jaxws22\jaxws-tools.jar;C:\Users\stegg_000\AppData\Roaming\NetBeans\8.0\modules\ext\jaxws22\management-api.jar;C:\Users\stegg_000\AppData\Roaming\NetBeans\8.0\modules\ext\jaxws22\mimepull.jar;C:\Users\stegg_000\AppData\Roaming\NetBeans\8.0\modules\ext\jaxws22\policy.jar;C:\Users\stegg_000\AppData\Roaming\NetBeans\8.0\modules\ext\jaxws22\saaj-impl.jar;C:\Users\stegg_000\AppData\Roaming\NetBeans\8.0\modules\ext\jaxws22\stax-ex.jar;C:\Users\stegg_000\AppData\Roaming\NetBeans\8.0\modules\ext\jaxws22\stax2-api.jar;C:\Users\stegg_000\AppData\Roaming\NetBeans\8.0\modules\ext\jaxws22\streambuffer.jar;C:\Users\stegg_000\AppData\Roaming\NetBeans\8.0\modules\ext\jaxws22\woodstox-core-asl.jar;C:\Users\stegg_000\AppData\Roaming\NetBeans\8.0\modules\ext\jaxws22\api\jaxws-api.jar;C:\Users\stegg_000\AppData\Roaming\NetBeans\8.0\modules\ext\jaxws22\api\jsr181-api.jar;C:\Users\stegg_000\AppData\Roaming\NetBeans\8.0\modules\ext\jaxws22\api\javax.annotation.jar;C:\Users\stegg_000\AppData\Roaming\NetBeans\8.0\modules\ext\jaxws22\api\saaj-api.jar;C:\Users\stegg_000\AppData\Roaming\NetBeans\8.0\modules\ext\jaxb\activation.jar;C:\Users\stegg_000\AppData\Roaming\NetBeans\8.0\modules\ext\jaxb\api\jaxb-api.jar;C:\Users\stegg_000\AppData\Roaming\NetBeans\8.0\modules\ext\jaxb\api\jsr173_1.0_api.jar" />
    <property name="compile.on.save" value="true" />
    <property name="apple.awt.graphics.UseQuartz" value="true" />
    <property name="user.language" value="da" />
    <property name="testng.mode" value="testng" />
    <property name="libs.JAXB-ENDORSED.maven-pom" value="" />
    <property name="libs.eclipselink.maven-pom" value="" />
    <property name="application.vendor" value="stegg_000" />
    <property name="test.binaryincludes" value="&lt;nothing&gt;" />
    <property name="manifest.available" value="true" />
    <property name="run.test.classpath" value="C:\Program Files\Java\jdk1.8.0_05\jre/lib/javaws.jar:C:\Program Files\Java\jdk1.8.0_05\jre/lib/deploy.jar:C:\Program Files\Java\jdk1.8.0_05\jre/lib/plugin.jar:build/classes:C:/Users/stegg_000/Documents/NetBeansProjects/TicTacToe/lib/junit_4/junit-4.10.jar:build/test/classes" />
    <property name="ant.project.invoked-targets" value="test" />
    <property name="platforms.JDK_1.8_u92.compiler" value="modern" />
    <property name="test.binaryexcludes" value="" />
    <property name="libs.swing-layout.javadoc" value="C:\Users\stegg_000\AppData\Roaming\NetBeans\8.0\docs\swing-layout-1.0.4-doc.zip" />
    <property name="sun.java2d.dpiaware" value="true" />
    <property name="libs.PostgreSQLDriver.maven-pom" value="" />
    <property name="java.class.version" value="52.0" />
    <property name="libs.JAVADB_DRIVER_LABEL.classpath" value="C:\Program Files\Java\jdk1.8.0_05\db\lib\derby.jar;C:\Program Files\Java\jdk1.8.0_05\db\lib\derbyclient.jar;C:\Program Files\Java\jdk1.8.0_05\db\lib\derbynet.jar" />
    <property name="libs.eclipselink.javadoc" value="C:\Users\stegg_000\AppData\Roaming\NetBeans\8.0\modules\ext\docs\javax.persistence-2.1.0-doc.zip" />
    <property name="user.properties.file" value="C:\Users\stegg_000\AppData\Roaming\NetBeans\8.0\build.properties" />
    <property name="runtime.encoding" value="UTF-8" />
    <property name="javafx.rebase.libs" value="false" />
    <property name="libs.javac-api.maven-pom" value="" />
    <property name="file.encoding.pkg" value="sun.io" />
    <property name="sun.cpu.endian" value="little" />
    <property name="libs.JAXB-ENDORSED.javadoc" value="" />
    <property name="libs.JWSAntTasks.classpath" value="C:\Users\stegg_000\AppData\Roaming\NetBeans\8.0\ant\extra\org-netbeans-modules-javawebstart-anttasks.jar" />
    <property name="platforms.JDK_1.8_u92.home" value="C:\Program Files\Java\jdk1.8.0_92" />
    <property name="empty.dir" value="C:\Users\stegg_000\Documents\NetBeansProjects\TicTacToe\build\empty" />
    <property name="javafx.deploy.backgroundupdate" value="false" />
    <property name="javafx.disable.concurrent.runs" value="false" />
    <property name="version-output" value="java version &quot;1.8" />
    <property name="test.binarytestincludes" value="" />
    <property name="javafx.preloader.jar.path" value="" />
    <property name="javadoc.preview" value="true" />
    <property name="libs.jpa20-persistence.javadoc" value="C:\Users\stegg_000\AppData\Roaming\NetBeans\8.0\modules\ext\docs\javax.persistence-2.1.0-doc.zip" />
    <property name="java.home" value="C:\Program Files\Java\jdk1.8.0_05\jre" />
    <property name="platforms.JDK_1.8_u92.bootclasspath" value="C:\Program Files\Java\jdk1.8.0_92\jre\lib\resources.jar;C:\Program Files\Java\jdk1.8.0_92\jre\lib\rt.jar;C:\Program Files\Java\jdk1.8.0_92\jre\lib\sunrsasign.jar;C:\Program Files\Java\jdk1.8.0_92\jre\lib\jsse.jar;C:\Program Files\Java\jdk1.8.0_92\jre\lib\jce.jar;C:\Program Files\Java\jdk1.8.0_92\jre\lib\charsets.jar;C:\Program Files\Java\jdk1.8.0_92\jre\lib\jfr.jar;C:\Program Files\Java\jdk1.8.0_92\jre\classes;C:\Program Files\Java\jdk1.8.0_92\jre\lib\ext\access-bridge-64.jar;C:\Program Files\Java\jdk1.8.0_92\jre\lib\ext\cldrdata.jar;C:\Program Files\Java\jdk1.8.0_92\jre\lib\ext\dnsns.jar;C:\Program Files\Java\jdk1.8.0_92\jre\lib\ext\jaccess.jar;C:\Program Files\Java\jdk1.8.0_92\jre\lib\ext\jfxrt.jar;C:\Program Files\Java\jdk1.8.0_92\jre\lib\ext\localedata.jar;C:\Program Files\Java\jdk1.8.0_92\jre\lib\ext\nashorn.jar;C:\Program Files\Java\jdk1.8.0_92\jre\lib\ext\sunec.jar;C:\Program Files\Java\jdk1.8.0_92\jre\lib\ext\sunjce_provider.jar;C:\Program Files\Java\jdk1.8.0_92\jre\lib\ext\sunmscapi.jar;C:\Program Files\Java\jdk1.8.0_92\jre\lib\ext\sunpkcs11.jar;C:\Program Files\Java\jdk1.8.0_92\jre\lib\ext\zipfs.jar" />
    <property name="debug.test.classpath" value="C:\Program Files\Java\jdk1.8.0_05\jre/lib/javaws.jar:C:\Program Files\Java\jdk1.8.0_05\jre/lib/deploy.jar:C:\Program Files\Java\jdk1.8.0_05\jre/lib/plugin.jar:build/classes:C:/Users/stegg_000/Documents/NetBeansProjects/TicTacToe/lib/junit_4/junit-4.10.jar:build/test/classes" />
    <property name="netbeans.importclass" value="org.netbeans.upgrade.AutoUpgrade" />
    <property name="ant.project.default-target" value="default" />
    <property name="annotation.processing.run.all.processors" value="true" />
    <property name="jar.archive.disabled" value="true" />
    <property name="libs.PostgreSQLDriver.javadoc" value="" />
    <property name="javafx.main.class" value="tictactoe.gui.TicTacToe" />
    <property name="libs.MySQLDriver.maven-pom" value="" />
    <property name="libraries.dir.nativedirsep" value="C:\Users\stegg_000\Documents\NetBeansProjects\TicTacToe\lib" />
    <property name="javafx.application.implementation.version" value="1.0" />
    <property name="libs.junit_4.javadoc" value="C:/Users/stegg_000/Documents/NetBeansProjects/TicTacToe/lib/junit_4/junit-4.10-javadoc.jar" />
    <property name="run.classpath" value="dist/TicTacToe.jar:C:\Program Files\Java\jdk1.8.0_05\jre/lib/javaws.jar:C:\Program Files\Java\jdk1.8.0_05\jre/lib/deploy.jar:C:\Program Files\Java\jdk1.8.0_05\jre/lib/plugin.jar:build/classes" />
    <property name="endorsed.javafx.ant.classpath" value="." />
    <property name="jna.boot.library.name" value="jnidispatch-410" />
    <property name="sun.awt.datatransfer.timeout" value="1000" />
    <property name="ant.file.TicTacToe" value="C:\Users\stegg_000\Documents\NetBeansProjects\TicTacToe\build.xml" />
    <property name="annotation.processing.enabled.in.editor" value="false" />
    <property name="ant.file.TicTacToe-impl" value="C:\Users\stegg_000\Documents\NetBeansProjects\TicTacToe\nbproject\build-impl.xml" />
    <property name="nb.native.filechooser" value="false" />
    <property name="sun.management.compiler" value="HotSpot 64-Bit Tiered Compilers" />
    <property name="javac.deprecation" value="false" />
    <property name="javadoc.use" value="true" />
    <property name="jna.boot.library.path" value="C:\Users\stegg_000\.gradle\native\jna\win32-amd64" />
    <property name="sun.java2d.noddraw" value="true" />
    <property name="javac.processorpath" value="C:\Program Files\Java\jdk1.8.0_05\jre/lib/javaws.jar:C:\Program Files\Java\jdk1.8.0_05\jre/lib/deploy.jar:C:\Program Files\Java\jdk1.8.0_05\jre/lib/plugin.jar" />
    <property name="javac.compilerargs" value="" />
    <property name="svnkit.http.methods" value="Basic" />
    <property name="ant.file" value="C:\Users\stegg_000\Documents\NetBeansProjects\TicTacToe\build.xml" />
    <property name="libs.beans-binding.maven-pom" value="" />
    <property name="libs.beans-binding.src" value="" />
    <property name="java.vm.specification.vendor" value="Oracle Corporation" />
    <property name="libs.swing-layout.src" value="C:\Users\stegg_000\AppData\Roaming\NetBeans\8.0\docs\swing-layout-1.0.4-src.zip" />
    <property name="org.openide.major.version" value="IDE/1" />
    <property name="java.vm.name" value="Java HotSpot(TM) 64-Bit Server VM" />
    <property name="javafx.preloader.jar.filename" value="" />
    <property name="netbeans.user" value="C:\Users\stegg_000\AppData\Roaming\NetBeans\8.0" />
    <property name="javadoc.additionalparam" value="" />
    <property name="java.io.tmpdir" value="C:\Users\STEGG_~1\AppData\Local\Temp\" />
    <property name="javafx.run.inbrowser.path" value="C:\Program Files (x86)\Google\Chrome\Application\chrome.exe" />
    <property name="java.vendor.url" value="http://java.oracle.com/" />
    <property name="endorsed.classpath.cmd.line.arg" value="" />
    <property name="junit.available" value="true" />
    <property name="libraries.basename" value="nblibraries" />
    <property name="sun.boot.library.path" value="C:\Program Files\Java\jdk1.8.0_05\jre\bin" />
    <property name="have.sources" value="true" />
    <property name="debug.classpath" value="dist/TicTacToe.jar:C:\Program Files\Java\jdk1.8.0_05\jre/lib/javaws.jar:C:\Program Files\Java\jdk1.8.0_05\jre/lib/deploy.jar:C:\Program Files\Java\jdk1.8.0_05\jre/lib/plugin.jar:build/classes" />
    <property name="javadoc.private" value="false" />
    <property name="test.src.dir" value="test" />
    <property name="ap.processors.internal" value="" />
    <property name="meta.inf.dir" value="src/META-INF" />
    <property name="javadoc.encoding.used" value="UTF-8" />
    <property name="dist.jar" value="dist/TicTacToe.jar" />
    <property name="java.runtime.name" value="Java(TM) SE Runtime Environment" />
    <property name="ant.project.name" value="TicTacToe" />
    <property name="netbeans.hash.code" value="unique=NB_EXTIDE_PHP_WEBCOMMON0e0dee18c-3917-4b2f-9783-d137c8ca31c3_2dbb3b06-73a8-497f-90a6-07eb817f4c4c" />
    <property name="netbeans.default_userdir_root" value="C:\Users\stegg_000\AppData\Roaming\NetBeans" />
    <property name="sun.cpu.isalist" value="amd64" />
    <property name="libs.CopyLibs.javadoc" value="" />
    <property name="org.openide.specification.version" value="6.2" />
    <property name="javafx.classpath.extension" value="C:\Program Files\Java\jdk1.8.0_05\jre/lib/javaws.jar:C:\Program Files\Java\jdk1.8.0_05\jre/lib/deploy.jar:C:\Program Files\Java\jdk1.8.0_05\jre/lib/plugin.jar" />
    <property name="user.home" value="C:\Users\stegg_000" />
    <property name="annotation.processing.processors.list" value="" />
    <property name="debug-args-line" value="-Xdebug" />
    <property name="libs.JWSAntTasks.src" value="" />
    <property name="jar.index" value="false" />
    <property name="libs.CopyLibs.maven-pom" value="" />
    <property name="libs.absolutelayout.javadoc" value="" />
    <property name="java.specification.name" value="Java Platform API Specification" />
    <property name="libs.CopyLibs.prop-version" value="2.0" />
    <property name="libraries.dir" value="C:/Users/stegg_000/Documents/NetBeansProjects/TicTacToe/lib" />
    <property name="java.specification.vendor" value="Oracle Corporation" />
    <property name="libs.javac-api.classpath" value="C:\Users\stegg_000\AppData\Roaming\NetBeans\8.0\modules\ext\nb-javac-api.jar" />
    <property name="java.version" value="1.8.0_05" />
    <property name="run.jvmargs.ide" value="" />
    <property name="javadoc.version" value="false" />
    <property name="libs.MySQLDriver.javadoc" value="" />
    <property name="ant.file.type.TicTacToe" value="file" />
    <property name="org.openide.version" value="deprecated" />
    <property name="platform.java" value="C:\Program Files\Java\jdk1.8.0_05\jre/bin/java" />
    <property name="source.encoding" value="UTF-8" />
    <property name="ap.cmd.line.internal" value="" />
    <property name="libs.eclipselinkmodelgen.maven-pom" value="" />
    <property name="ant.file.type.jfx-impl" value="file" />
    <property name="libs.junit.maven-pom" value="" />
    <property name="libs.eclipselinkmodelgen.javadoc" value="" />
    <property name="ant.file.jfx-impl" value="C:\Users\stegg_000\Documents\NetBeansProjects\TicTacToe\nbproject\jfx-impl.xml" />
    <property name="netbeans.home+have.tests" value="true" />
    <property name="annotation.processing.processor.options" value="" />
    <property name="libs.testng.maven-pom" value="" />
    <property name="libs.jaxb.src" value="" />
    <property name="work.dir" value="C:\Users\stegg_000\Documents\NetBeansProjects\TicTacToe" />
    <property name="compile.on.save.unsupported.javafx" value="true" />
    <property name="libs.jaxb.classpath" value="C:\Users\stegg_000\AppData\Roaming\NetBeans\8.0\modules\ext\jaxb\jaxb-impl.jar;C:\Users\stegg_000\AppData\Roaming\NetBeans\8.0\modules\ext\jaxb\jaxb-xjc.jar;C:\Users\stegg_000\AppData\Roaming\NetBeans\8.0\modules\ext\jaxb\jaxb1-impl.jar;C:\Users\stegg_000\AppData\Roaming\NetBeans\8.0\modules\ext\jaxb\activation.jar;C:\Users\stegg_000\AppData\Roaming\NetBeans\8.0\modules\ext\jaxb\api\jaxb-api.jar;C:\Users\stegg_000\AppData\Roaming\NetBeans\8.0\modules\ext\jaxb\api\jsr173_1.0_api.jar" />
    <property name="php.global.include.path" value="" />
    <property name="do.depend" value="false" />
    <property name="dist.javadoc.dir" value="dist/javadoc" />
    <property name="libs.swing-layout.classpath" value="C:\Users\stegg_000\AppData\Roaming\NetBeans\8.0\modules\ext\swing-layout-1.0.4.jar" />
    <property name="build.generated.dir" value="build/generated" />
    <property name="javac.source" value="1.8" />
    <property name="javafx.fallback.class" value="com.javafx.main.NoJavaFXFallback" />
    <property name="line.separator" value="&#xd;&#xa;" />
    <property name="java.specification.version" value="1.8" />
    <property name="libs.jaxws21.maven-pom" value="" />
    <property name="java.vm.info" value="mixed mode" />
    <property name="libraries.path" value="C:\Users\stegg_000\Documents\NetBeansProjects\TicTacToe\lib\nblibraries.properties" />
    <property name="nb.junit.batch" value="true" />
    <property name="junit.forkmode" value="perTest" />
    <property name="sun.boot.class.path" value="C:\Program Files\Java\jdk1.8.0_05\jre\lib\resources.jar;C:\Program Files\Java\jdk1.8.0_05\jre\lib\rt.jar;C:\Program Files\Java\jdk1.8.0_05\jre\lib\sunrsasign.jar;C:\Program Files\Java\jdk1.8.0_05\jre\lib\jsse.jar;C:\Program Files\Java\jdk1.8.0_05\jre\lib\jce.jar;C:\Program Files\Java\jdk1.8.0_05\jre\lib\charsets.jar;C:\Program Files\Java\jdk1.8.0_05\jre\lib\jfr.jar;C:\Program Files\Java\jdk1.8.0_05\jre\classes" />
    <property name="javac.target" value="1.8" />
    <property name="built-jar.properties" value="C:\Users\stegg_000\Documents\NetBeansProjects\TicTacToe\build\built-jar.properties" />
    <property name="build.test.classes.dir" value="build/test/classes" />
    <property name="src.dir" value="src" />
    <property name="annotation.processing.enabled" value="true" />
    <property name="sun.awt.keepWorkingSetOnMinimize" value="true" />
    <property name="libs.jpa20-persistence.src" value="" />
    <property name="libs.JAVADB_DRIVER_LABEL.maven-pom" value="" />
    <property name="libs.junit.prop-maven-dependencies" value="junit:junit:3.8.2:jar" />
    <property name="ignore.failing.tests" value="true" />
    <property name="javafx.enable.concurrent.external.runs" value="false" />
    <property name="javafx.deploy.embedJNLP" value="true" />
    <property name="dist.dir" value="dist" />
    <property name="libs.groovy-all.javadoc" value="" />
    <property name="testng.debug.mode" value="" />
    <property name="javac.fork" value="false" />
    <property name="libs.groovy-all.classpath" value="C:\Users\stegg_000\AppData\Roaming\NetBeans\8.0\modules\ext\groovy-all.jar" />
    <property name="java.awt.printerjob" value="sun.awt.windows.WPrinterJob" />
    <property name="default.javac.source" value="1.8" />
    <property name="debug-transport-by-os" value="dt_shmem" />
    <property name="libs.MySQLDriver.src" value="" />
    <property name="sun.jnu.encoding" value="Cp1252" />
    <property name="java.runtime.version" value="1.8.0_05-b13" />
    <property name="build.test.results.dir" value="build/test/results" />
    <property name="javafx.run.inbrowser" value="&lt;Default System Browser&gt;" />
    <property name="default.javac.target" value="1.8" />
    <property name="libs.junit_4.classpath" value="C:/Users/stegg_000/Documents/NetBeansProjects/TicTacToe/lib/junit_4/junit-4.10.jar" />
    <property name="user.timezone" value="Europe/Paris" />
    <property name="nb.junit.single" value="false" />
    <property name="libs.junit_4.displayName" value="JUnit 4.10" />
    <property name="libs.JAVADB_DRIVER_LABEL.javadoc" value="" />
    <property name="netbeans.dirs" value="C:\Program Files\NetBeans 8.0\nb;C:\Program Files\NetBeans 8.0\ergonomics;C:\Program Files\NetBeans 8.0\ide;C:\Program Files\NetBeans 8.0\extide;C:\Program Files\NetBeans 8.0\java;C:\Program Files\NetBeans 8.0\apisupport;C:\Program Files\NetBeans 8.0\webcommon;C:\Program Files\NetBeans 8.0\websvccommon;C:\Program Files\NetBeans 8.0\enterprise;C:\Program Files\NetBeans 8.0\mobility;C:\Program Files\NetBeans 8.0\profiler;C:\Program Files\NetBeans 8.0\python;C:\Program Files\NetBeans 8.0\php;C:\Program Files\NetBeans 8.0\identity;C:\Program Files\NetBeans 8.0\harness;C:\Program Files\NetBeans 8.0\cnd;C:\Program Files\NetBeans 8.0\dlight;C:\Program Files\NetBeans 8.0\groovy;C:\Program Files\NetBeans 8.0\extra;C:\Program Files\NetBeans 8.0\javacard;C:\Program Files\NetBeans 8.0\javafx" />
    <property name="java.ext.dirs" value="C:\Program Files\Java\jdk1.8.0_05\jre\lib\ext;C:\WINDOWS\Sun\Java\lib\ext" />
    <property name="endorsed.classpath" value="" />
    <property name="libs.absolutelayout.classpath" value="C:\Users\stegg_000\AppData\Roaming\NetBeans\8.0\modules\ext\AbsoluteLayout.jar" />
    <property name="excludes" value="" />
    <property name="java.class.path" value="C:\Program Files\Java\jdk1.8.0_05\jre\lib\javaws.jar;C:\Program Files\Java\jdk1.8.0_05\jre\lib\deploy.jar;C:\Program Files\Java\jdk1.8.0_05\jre\lib\plugin.jar;C:\Users\stegg_000\Documents\NetBeansProjects\TicTacToe\build\classes;C:\Users\stegg_000\Documents\NetBeansProjects\TicTacToe\lib\junit_4\junit-4.10.jar;C:\Users\stegg_000\Documents\NetBeansProjects\TicTacToe\build\test\classes;C:\Users\stegg_000\AppData\Roaming\NetBeans\8.0\ant\lib\ant-launcher.jar;C:\Users\stegg_000\AppData\Roaming\NetBeans\8.0\ant\lib\ant.jar;C:\Users\stegg_000\AppData\Roaming\NetBeans\8.0\ant\lib\ant-junit.jar;C:\Users\stegg_000\AppData\Roaming\NetBeans\8.0\ant\lib\ant-junit4.jar" />
    <property name="apple.laf.useScreenMenuBar" value="true" />
    <property name="libs.absolutelayout.src" value="" />
    <property name="libs.jpa20-persistence.classpath" value="C:\Users\stegg_000\AppData\Roaming\NetBeans\8.0\modules\ext\eclipselink\javax.persistence_2.1.0.v201304241213.jar" />
    <property name="os.version" value="6.3" />
    <property name="application.args" value="" />
    <property name="manifest.custom.permissions" value="" />
    <property name="main.class.available" value="true" />
    <property name="sun.awt.enableExtraMouseButtons" value="true" />
    <property name="sun.desktop" value="windows" />
    <property name="javafx.deploy.allowoffline" value="true" />
    <property name="nb.internal.action.name" value="test" />
    <property name="libs.JAXB-ENDORSED.classpath" value="C:\Users\stegg_000\AppData\Roaming\NetBeans\8.0\modules\ext\jaxb\api\jaxb-api.jar" />
    <property name="libs.eclipselink.classpath" value="C:\Users\stegg_000\AppData\Roaming\NetBeans\8.0\modules\ext\eclipselink\eclipselink.jar;C:\Users\stegg_000\AppData\Roaming\NetBeans\8.0\modules\ext\eclipselink\javax.persistence_2.1.0.v201304241213.jar;C:\Users\stegg_000\AppData\Roaming\NetBeans\8.0\modules\ext\eclipselink\org.eclipse.persistence.jpa.jpql_2.5.2.v20140319-9ad6abd.jar" />
    <property name="libs.beans-binding.javadoc" value="C:\Users\stegg_000\AppData\Roaming\NetBeans\8.0\docs\beansbinding-1.2.1-doc.zip" />
    <property name="java.awt.graphicsenv" value="sun.awt.Win32GraphicsEnvironment" />
    <property name="libs.junit.displayName" value="JUnit 3.8.2" />
    <property name="java.vm.vendor" value="Oracle Corporation" />
    <property name="libs.CopyLibs.classpath" value="C:/Users/stegg_000/Documents/NetBeansProjects/TicTacToe/lib/CopyLibs/org-netbeans-modules-java-j2seproject-copylibstask.jar" />
    <property name="run.jvmargs" value="" />
    <property name="libs.JAXB-ENDORSED.src" value="" />
    <property name="libs.testng.javadoc" value="C:\Users\stegg_000\AppData\Roaming\NetBeans\8.0\docs\testng-6.8.1-javadoc.zip" />
    <property name="user.script" value="" />
    <property name="libs.PostgreSQLDriver.classpath" value="C:\Users\stegg_000\AppData\Roaming\NetBeans\8.0\modules\ext\postgresql-9.2-1002.jdbc4.jar" />
    <property name="libs.junit.src" value="" />
    <property name="annotation.processing.source.output" value="build/generated-sources/ap-source-output" />
    <property name="main.class" value="com.javafx.main.Main" />
    <property name="libs.CopyLibs.displayName" value="CopyLibs Task" />
    <property name="libs.CopyLibs.src" value="" />
    <property name="build.dir" value="build" />
    <property name="ant.version" value="Apache Ant(TM) version 1.9.4 compiled on April 29 2014" />
    <property name="file.encoding" value="Cp1252" />
    <property name="build.classes.excludes" value="**/*.java,**/*.form" />
    <property name="jdkBug6558476" value="false" />
    <property name="javadoc.nonavbar" value="false" />
    <property name="platform.active" value="default_platform" />
    <property name="awt.toolkit" value="sun.awt.windows.WToolkit" />
  </properties>
  <testcase classname="tictactoe.bll.GameBoardTest" name="testGetWinnerDiagonally" time="0.015">
    <failure message="expected:&lt;true&gt; but was:&lt;false&gt;" type="junit.framework.AssertionFailedError">junit.framework.AssertionFailedError: expected:&lt;true&gt; but was:&lt;false&gt;
	at tictactoe.bll.GameBoardTest.testGetWinnerDiagonally(GameBoardTest.java:162)
</failure>
  </testcase>
  <testcase classname="tictactoe.bll.GameBoardTest" name="testGetNextPlayerAfterOneRound" time="0.0">
    <failure message="expected:&lt;1&gt; but was:&lt;0&gt;" type="junit.framework.AssertionFailedError">junit.framework.AssertionFailedError: expected:&lt;1&gt; but was:&lt;0&gt;
	at tictactoe.bll.GameBoardTest.testGetNextPlayerAfterOneRound(GameBoardTest.java:40)
</failure>
  </testcase>
  <testcase classname="tictactoe.bll.GameBoardTest" name="testPlayAtZeroZero" time="0.0" />
  <testcase classname="tictactoe.bll.GameBoardTest" name="testPlayAtTakenSpot" time="0.0">
    <failure message="expected:&lt;false&gt; but was:&lt;true&gt;" type="junit.framework.AssertionFailedError">junit.framework.AssertionFailedError: expected:&lt;false&gt; but was:&lt;true&gt;
	at tictactoe.bll.GameBoardTest.testPlayAtTakenSpot(GameBoardTest.java:83)
</failure>
  </testcase>
  <testcase classname="tictactoe.bll.GameBoardTest" name="testGetNextPlayer" time="0.0" />
  <testcase classname="tictactoe.bll.GameBoardTest" name="testGetWinnerPlayerZeroVeritcal" time="0.0">
    <failure message="expected:&lt;0&gt; but was:&lt;-1&gt;" type="junit.framework.AssertionFailedError">junit.framework.AssertionFailedError: expected:&lt;0&gt; but was:&lt;-1&gt;
	at tictactoe.bll.GameBoardTest.testGetWinnerPlayerZeroVeritcal(GameBoardTest.java:121)
</failure>
  </testcase>
  <testcase classname="tictactoe.bll.GameBoardTest" name="testGetWinnerPlayerOneHorizontal" time="0.0">
    <failure type="junit.framework.AssertionFailedError">junit.framework.AssertionFailedError
	at tictactoe.bll.GameBoardTest.testGetWinnerPlayerOneHorizontal(GameBoardTest.java:142)
</failure>
  </testcase>
  <testcase classname="tictactoe.bll.GameBoardTest" name="testPlayAtOneOne" time="0.0" />
  <testcase classname="tictactoe.bll.GameBoardTest" name="testIsGameOver" time="0.0">
    <failure message="expected:&lt;true&gt; but was:&lt;false&gt;" type="junit.framework.AssertionFailedError">junit.framework.AssertionFailedError: expected:&lt;true&gt; but was:&lt;false&gt;
	at tictactoe.bll.GameBoardTest.testIsGameOver(GameBoardTest.java:102)
</failure>
  </testcase>
  <system-out><![CDATA[]]></system-out>
  <system-err><![CDATA[]]></system-err>
</testsuite>
